<?xml version="1.0" encoding="UTF-8"?>
<testng-results ignored="0" total="4" passed="4" failed="0" skipped="0">
  <reporter-output>
  </reporter-output>
  <suite started-at="2025-03-22T10:00:46 IST" name="Suite" finished-at="2025-03-22T10:01:26 IST" duration-ms="39827">
    <groups>
      <group name="Group1">
        <method signature="LoginPageTestClass.verifySuccessfulLoginPage()[pri:0, instance:testClasses.LoginPageTestClass@443118b0]" name="verifySuccessfulLoginPage" class="testClasses.LoginPageTestClass"/>
        <method signature="LoginPageTestClass.verifyUnsuccessfulLogin(java.lang.String,java.lang.String)[pri:0, instance:testClasses.LoginPageTestClass@443118b0]" name="verifyUnsuccessfulLogin" class="testClasses.LoginPageTestClass"/>
      </group> <!-- Group1 -->
    </groups>
    <test started-at="2025-03-22T10:00:46 IST" name="GroupingTest" finished-at="2025-03-22T10:01:26 IST" duration-ms="39827">
      <class name="testClasses.LoginPageTestClass">
        <test-method is-config="true" signature="beforeMethod(java.lang.String)[pri:0, instance:testClasses.LoginPageTestClass@443118b0]" started-at="2025-03-22T10:00:46 IST" name="beforeMethod" finished-at="2025-03-22T10:01:07 IST" duration-ms="20913" status="PASS">
          <params>
            <param index="0">
              <value>
                <![CDATA[Chrome]]>
              </value>
            </param>
          </params>
          <reporter-output>
          </reporter-output>
        </test-method> <!-- beforeMethod -->
        <test-method signature="verifySuccessfulLoginPage()[pri:0, instance:testClasses.LoginPageTestClass@443118b0]" started-at="2025-03-22T10:01:07 IST" name="verifySuccessfulLoginPage" finished-at="2025-03-22T10:01:09 IST" duration-ms="1439" status="PASS">
          <reporter-output>
          </reporter-output>
        </test-method> <!-- verifySuccessfulLoginPage -->
        <test-method is-config="true" signature="afterMethod()[pri:0, instance:testClasses.LoginPageTestClass@443118b0]" started-at="2025-03-22T10:01:09 IST" name="afterMethod" finished-at="2025-03-22T10:01:10 IST" duration-ms="784" status="PASS">
          <reporter-output>
          </reporter-output>
        </test-method> <!-- afterMethod -->
        <test-method is-config="true" signature="beforeMethod(java.lang.String)[pri:0, instance:testClasses.LoginPageTestClass@443118b0]" started-at="2025-03-22T10:01:10 IST" name="beforeMethod" finished-at="2025-03-22T10:01:14 IST" duration-ms="4067" status="PASS">
          <params>
            <param index="0">
              <value>
                <![CDATA[Chrome]]>
              </value>
            </param>
          </params>
          <reporter-output>
          </reporter-output>
        </test-method> <!-- beforeMethod -->
        <test-method signature="verifyUnsuccessfulLogin(java.lang.String,java.lang.String)[pri:0, instance:testClasses.LoginPageTestClass@443118b0]" started-at="2025-03-22T10:01:14 IST" name="verifyUnsuccessfulLogin" data-provider="unsuccessfulLogin" finished-at="2025-03-22T10:01:15 IST" duration-ms="901" status="PASS">
          <params>
            <param index="0">
              <value>
                <![CDATA[admi]]>
              </value>
            </param>
            <param index="1">
              <value>
                <![CDATA[admin]]>
              </value>
            </param>
          </params>
          <reporter-output>
          </reporter-output>
        </test-method> <!-- verifyUnsuccessfulLogin -->
        <test-method is-config="true" signature="afterMethod()[pri:0, instance:testClasses.LoginPageTestClass@443118b0]" started-at="2025-03-22T10:01:15 IST" name="afterMethod" finished-at="2025-03-22T10:01:15 IST" duration-ms="559" status="PASS">
          <reporter-output>
          </reporter-output>
        </test-method> <!-- afterMethod -->
        <test-method is-config="true" signature="beforeMethod(java.lang.String)[pri:0, instance:testClasses.LoginPageTestClass@443118b0]" started-at="2025-03-22T10:01:15 IST" name="beforeMethod" finished-at="2025-03-22T10:01:19 IST" duration-ms="4225" status="PASS">
          <params>
            <param index="0">
              <value>
                <![CDATA[Chrome]]>
              </value>
            </param>
          </params>
          <reporter-output>
          </reporter-output>
        </test-method> <!-- beforeMethod -->
        <test-method signature="verifyUnsuccessfulLogin(java.lang.String,java.lang.String)[pri:0, instance:testClasses.LoginPageTestClass@443118b0]" started-at="2025-03-22T10:01:19 IST" name="verifyUnsuccessfulLogin" data-provider="unsuccessfulLogin" finished-at="2025-03-22T10:01:20 IST" duration-ms="989" status="PASS">
          <params>
            <param index="0">
              <value>
                <![CDATA[admin]]>
              </value>
            </param>
            <param index="1">
              <value>
                <![CDATA[adm]]>
              </value>
            </param>
          </params>
          <reporter-output>
          </reporter-output>
        </test-method> <!-- verifyUnsuccessfulLogin -->
        <test-method is-config="true" signature="afterMethod()[pri:0, instance:testClasses.LoginPageTestClass@443118b0]" started-at="2025-03-22T10:01:20 IST" name="afterMethod" finished-at="2025-03-22T10:01:21 IST" duration-ms="716" status="PASS">
          <reporter-output>
          </reporter-output>
        </test-method> <!-- afterMethod -->
        <test-method is-config="true" signature="beforeMethod(java.lang.String)[pri:0, instance:testClasses.LoginPageTestClass@443118b0]" started-at="2025-03-22T10:01:21 IST" name="beforeMethod" finished-at="2025-03-22T10:01:25 IST" duration-ms="3537" status="PASS">
          <params>
            <param index="0">
              <value>
                <![CDATA[Chrome]]>
              </value>
            </param>
          </params>
          <reporter-output>
          </reporter-output>
        </test-method> <!-- beforeMethod -->
        <test-method signature="verifyUnsuccessfulLogin(java.lang.String,java.lang.String)[pri:0, instance:testClasses.LoginPageTestClass@443118b0]" started-at="2025-03-22T10:01:25 IST" name="verifyUnsuccessfulLogin" data-provider="unsuccessfulLogin" finished-at="2025-03-22T10:01:25 IST" duration-ms="843" status="PASS">
          <params>
            <param index="0">
              <value>
                <![CDATA[adm]]>
              </value>
            </param>
            <param index="1">
              <value>
                <![CDATA[adm]]>
              </value>
            </param>
          </params>
          <reporter-output>
          </reporter-output>
        </test-method> <!-- verifyUnsuccessfulLogin -->
        <test-method is-config="true" signature="afterMethod()[pri:0, instance:testClasses.LoginPageTestClass@443118b0]" started-at="2025-03-22T10:01:25 IST" name="afterMethod" finished-at="2025-03-22T10:01:26 IST" duration-ms="664" status="PASS">
          <reporter-output>
          </reporter-output>
        </test-method> <!-- afterMethod -->
      </class> <!-- testClasses.LoginPageTestClass -->
    </test> <!-- GroupingTest -->
  </suite> <!-- Suite -->
</testng-results>
