<?xml version="1.0" encoding="UTF-8"?>
<!-- Generated by org.testng.reporters.JUnitXMLReporter -->
<testsuite ignored="0" hostname="DESKTOP-D3TC1Q6" failures="0" tests="2" name="ChromeTest" time="38.187" errors="0" timestamp="2025-03-21T12:06:09 IST">
  <testcase classname="testClasses.DashboardPageTestClass" name="VerifyAllTilesInDashboardPageAreDisplayed" time="3.278"/>
  <testcase classname="testClasses.DashboardPageTestClass" name="verifyTheListProductsPageIsOpenedWhileClickingOn_ManageProducts" time="6.132"/>
</testsuite> <!-- ChromeTest -->
