<?xml version="1.0" encoding="UTF-8"?>
<!-- Generated by org.testng.reporters.JUnitXMLReporter -->
<testsuite ignored="0" hostname="DESKTOP-D3TC1Q6" failures="0" tests="2" name="EdgeTest" time="56.608" errors="0" timestamp="2025-03-21T12:07:06 IST">
  <testcase classname="testClasses.DashboardPageTestClass" name="VerifyAllTilesInDashboardPageAreDisplayed" time="4.998"/>
  <testcase classname="testClasses.DashboardPageTestClass" name="verifyTheListProductsPageIsOpenedWhileClickingOn_ManageProducts" time="4.759"/>
</testsuite> <!-- EdgeTest -->
