<?xml version="1.0" encoding="UTF-8"?>
<!-- Generated by org.testng.reporters.JUnitXMLReporter -->
<testsuite ignored="2" hostname="DESKTOP-D3TC1Q6" failures="0" tests="4" name="GroupingTest" time="39.827" errors="0" timestamp="2025-03-22T10:01:26 IST">
  <testcase classname="testClasses.LoginPageTestClass" name="verifySuccessfulLoginPage" time="1.439"/>
  <testcase classname="testClasses.LoginPageTestClass" name="verifyUnsuccessfulLogin" time="0.901"/>
  <testcase classname="testClasses.LoginPageTestClass" name="verifyUnsuccessfulLogin" time="0.989"/>
  <testcase classname="testClasses.LoginPageTestClass" name="verifyUnsuccessfulLogin" time="0.843"/>
  <testcase classname="testClasses.LoginPageTestClass" name="verifyTheExactPageIsOpenWhileHittingThe_URL" time="0.0">
    <ignored/>
  </testcase> <!-- verifyTheExactPageIsOpenWhileHittingThe_URL -->
  <testcase classname="testClasses.LoginPageTestClass" name="verifyRememberMeCheckboxIsCheckedOrNotByDefault" time="0.0">
    <ignored/>
  </testcase> <!-- verifyRememberMeCheckboxIsCheckedOrNotByDefault -->
</testsuite> <!-- GroupingTest -->
